MPASM  5.33                       LX1_LED.ASM   12-29-2009  14:21:57         PAGE  1


LOC  OBJECT CODE     LINE SOURCE TEXT
  VALUE

Warning[215]: Processor superseded by command line.  Verify processor symbol.
                      00001         LIST    P=12F675
                      00002         INCLUDE P12F675.INC
                      00001         LIST
                      00002 ; P12F675.INC  Standard Header File, Version 1.04    Microchip Technology, Inc.
Message[301]: MESSAGE: (Processor-header file mismatch.  Verify selected processor.)
                      00284         LIST
2007   3FAC           00003         __CONFIG    _INTRC_OSC_NOCLKOUT & _PWRTE_ON & _BODEN_OFF & _CP_OFF & _WDT_ON 
  00000040            00004 Tmp1    EQU     0X40
  00000041            00005 Tmp2    EQU     0X41
0000                  00006         ORG     0X0
0000   1683 1303      00007         BANKSEL TRISIO
Message[302]: Register in operand not in bank 0.  Ensure that bank bits are correct.
0002   0185           00008         CLRF    TRISIO
0003   1283 1303      00009         BANKSEL GPIO
0005   0185           00010         CLRF    GPIO
0006   3001           00011 LOOP1   MOVLW   B'00000001'
0007   0085           00012         MOVWF   GPIO
0008   2025           00013         CALL    delay
0009   3002           00014         MOVLW   B'00000010'
000A   0085           00015         MOVWF   GPIO
000B   2025           00016         CALL    delay
000C   3004           00017         MOVLW   B'00000100'
000D   0085           00018         MOVWF   GPIO
000E   2025           00019         CALL    delay
000F   3008           00020         MOVLW   B'00001000'
0010   0085           00021         MOVWF   GPIO
0011   2025           00022         CALL    delay
0012   3010           00023         MOVLW   B'00010000'
0013   0085           00024         MOVWF   GPIO
0014   2025           00025         CALL    delay
0015   3020           00026         MOVLW   B'00100000'
0016   0085           00027         MOVWF   GPIO
0017   2025           00028         CALL    delay
0018   3010           00029         MOVLW   B'00010000'
0019   0085           00030         MOVWF   GPIO
001A   2025           00031         CALL    delay
001B   3008           00032         MOVLW   B'00001000'
001C   0085           00033         MOVWF   GPIO
001D   2025           00034         CALL    delay
001E   3004           00035         MOVLW   B'00000100'
001F   0085           00036         MOVWF   GPIO
0020   2025           00037         CALL    delay
0021   3002           00038         MOVLW   B'00000010'
0022   0085           00039         MOVWF   GPIO
0023   2025           00040         CALL    delay
0024   2806           00041         GOTO    LOOP1
                      00042 
0025                  00043 delay   ;子程序
                      00044         ;功能:延时200ms
                      00045         ;入口参数:无
                      00046         ;出口参数:无
                      00047         ;占用资源:Tmp1,Tmp2
MPASM  5.33                       LX1_LED.ASM   12-29-2009  14:21:57         PAGE  2


LOC  OBJECT CODE     LINE SOURCE TEXT
  VALUE

0025   01C0           00048         CLRF    Tmp1
0026   01C1           00049 delay200ms_1    CLRF    Tmp2
Message[305]: Using default destination of 1 (file).
0027   0BC1           00050         DECFSZ  Tmp2
0028   2827           00051         GOTO    $-1
Message[305]: Using default destination of 1 (file).
0029   0BC0           00052         DECFSZ  Tmp1
002A   2826           00053         GOTO    delay200ms_1
002B   0008           00054         RETURN
                      00055         END
MPASM  5.33                       LX1_LED.ASM   12-29-2009  14:21:57         PAGE  3


SYMBOL TABLE
  LABEL                             VALUE 

ADCON0                            0000001F
ADCS0                             00000004
ADCS1                             00000005
ADCS2                             00000006
ADFM                              00000007
ADIE                              00000006
ADIF                              00000006
ADON                              00000000
ADRESH                            0000001E
ADRESL                            0000009E
ANS0                              00000000
ANS1                              00000001
ANS2                              00000002
ANS3                              00000003
ANSEL                             0000009F
C                                 00000000
CAL0                              00000002
CAL1                              00000003
CAL2                              00000004
CAL3                              00000005
CAL4                              00000006
CAL5                              00000007
CHS0                              00000002
CHS1                              00000003
CINV                              00000004
CIS                               00000003
CM0                               00000000
CM1                               00000001
CM2                               00000002
CMCON                             00000019
CMIE                              00000003
CMIF                              00000003
COUT                              00000006
DC                                00000001
EEADR                             0000009B
EECON1                            0000009C
EECON2                            0000009D
EEDAT                             0000009A
EEDATA                            0000009A
EEIE                              00000007
EEIF                              00000007
F                                 00000001
FSR                               00000004
GIE                               00000007
GO                                00000001
GO_DONE                           00000001
GP0                               00000000
GP1                               00000001
GP2                               00000002
GP3                               00000003
GP4                               00000004
GP5                               00000005
GPIE                              00000003
MPASM  5.33                       LX1_LED.ASM   12-29-2009  14:21:57         PAGE  4


SYMBOL TABLE
  LABEL                             VALUE 

GPIF                              00000000
GPIO                              00000005
GPIO0                             00000000
GPIO1                             00000001
GPIO2                             00000002
GPIO3                             00000003
GPIO4                             00000004
GPIO5                             00000005
INDF                              00000000
INTCON                            0000000B
INTE                              00000004
INTEDG                            00000006
INTF                              00000001
IOC                               00000096
IOC0                              00000000
IOC1                              00000001
IOC2                              00000002
IOC3                              00000003
IOC4                              00000004
IOC5                              00000005
IOCB                              00000096
IOCB0                             00000000
IOCB1                             00000001
IOCB2                             00000002
IOCB3                             00000003
IOCB4                             00000004
IOCB5                             00000005
IRP                               00000007
LOOP1                             00000006
NOT_BOD                           00000000
NOT_DONE                          00000001
NOT_GPPU                          00000007
NOT_PD                            00000003
NOT_POR                           00000001
NOT_T1SYNC                        00000002
NOT_TO                            00000004
OPTION_REG                        00000081
OSCCAL                            00000090
PCL                               00000002
PCLATH                            0000000A
PCON                              0000008E
PEIE                              00000006
PIE1                              0000008C
PIR1                              0000000C
PS0                               00000000
PS1                               00000001
PS2                               00000002
PSA                               00000003
RD                                00000000
RP0                               00000005
RP1                               00000006
STATUS                            00000003
T0CS                              00000005
MPASM  5.33                       LX1_LED.ASM   12-29-2009  14:21:57         PAGE  5


SYMBOL TABLE
  LABEL                             VALUE 

T0IE                              00000005
T0IF                              00000002
T0SE                              00000004
T1CKPS0                           00000004
T1CKPS1                           00000005
T1CON                             00000010
T1IE                              00000000
T1IF                              00000000
T1OSCEN                           00000003
TMR0                              00000001
TMR1CS                            00000001
TMR1GE                            00000006
TMR1H                             0000000F
TMR1IE                            00000000
TMR1IF                            00000000
TMR1L                             0000000E
TMR1ON                            00000000
TRISIO                            00000085
Tmp1                              00000040
Tmp2                              00000041
VCFG                              00000006
VR0                               00000000
VR1                               00000001
VR2                               00000002
VR3                               00000003
VRCON                             00000099
VREN                              00000007
VRR                               00000005
W                                 00000000
WPU                               00000095
WR                                00000001
WREN                              00000002
WRERR                             00000003
Z                                 00000002
_BODEN_OFF                        00003FBF
_BODEN_ON                         00003FFF
_CPD_OFF                          00003FFF
_CPD_ON                           00003EFF
_CP_OFF                           00003FFF
_CP_ON                            00003F7F
_EC_OSC                           00003FFB
_EXTRC_OSC_CLKOUT                 00003FFF
_EXTRC_OSC_NOCLKOUT               00003FFE
_HS_OSC                           00003FFA
_INTRC_OSC_CLKOUT                 00003FFD
_INTRC_OSC_NOCLKOUT               00003FFC
_LP_OSC                           00003FF8
_MCLRE_OFF                        00003FDF
_MCLRE_ON                         00003FFF
_PWRTE_OFF                        00003FFF
_PWRTE_ON                         00003FEF
_WDT_OFF                          00003FF7
_WDT_ON                           00003FFF
MPASM  5.33                       LX1_LED.ASM   12-29-2009  14:21:57         PAGE  6


SYMBOL TABLE
  LABEL                             VALUE 

_XT_OSC                           00003FF9
__16F877A                         00000001
delay                             00000025
delay200ms_1                      00000026


MEMORY USAGE MAP ('X' = Used,  '-' = Unused)

0000 : XXXXXXXXXXXXXXXX XXXXXXXXXXXXXXXX XXXXXXXXXXXX---- ----------------
2000 : -------X-------- ---------------- ---------------- ----------------

All other memory blocks unused.

Program Memory Words Used:    44
Program Memory Words Free:  8148


Errors   :     0
Warnings :     1 reported,     0 suppressed
Messages :     4 reported,     0 suppressed

