MPASM  5.22                       LX1_LED.ASM   8-13-2009  13:46:32         PAGE  1


LOC  OBJECT CODE     LINE SOURCE TEXT
  VALUE

                      00001 ;标号   指令    操作数  ;注释
                      00002 ;循环，LED向左闪烁，再向右闪烁，循环往复                        
                      00003         LIST    P=16F628A       
                      00004         INCLUDE P16F628A.INC    
                      00001         LIST
                      00002 ; P16F628A.INC  Standard Header File, Version 1.10    Microchip Technology, Inc.
                      00265         LIST
                      00266 
  00000020            00005 Tmp0    EQU     0X20    ;定义临时寄存器
  00000021            00006 Tmp1    EQU     0X21    
  00000022            00007 CNT     EQU     0X22    
0000                  00008         ORG     0X00    
0000   1683 1303      00009         BANKSEL TRISB   
Message[302]: Register in operand not in bank 0.  Ensure that bank bits are correct.
0002   0186           00010         CLRF    TRISB   
0003   0183           00011         CLRF    STATUS  
0004   01A2           00012 LOOP0   CLRF    CNT     
0005   3001           00013         MOVLW   B'00000001'     
0006   0086           00014         MOVWF   PORTB   
0007   2023           00015 LOOP1   CALL    delay   ;调用延时子程序
0008   1003           00016         BCF     STATUS,C        
Message[305]: Using default destination of 1 (file).
0009   0D86           00017         RLF     PORTB   
000A   1C03           00018         BTFSS   STATUS,C        
000B   1006           00019         BCF     PORTB,0 
000C   1803           00020         BTFSC   STATUS,C        
000D   1406           00021         BSF     PORTB,0 
Message[305]: Using default destination of 1 (file).
000E   0AA2           00022         INCF    CNT     
000F   3007           00023         MOVLW   D'7'    
0010   0622           00024         XORWF   CNT,W   
0011   1D03           00025         BTFSS   STATUS,Z        
0012   2807           00026         GOTO    LOOP1   
0013   01A2           00027         CLRF    CNT     
                      00028 ;       CALL    delay   
0014   3080           00029         MOVLW   B'10000000'     
0015   0086           00030         MOVWF   PORTB   
0016   2023           00031 LOOP2   CALL    delay   
0017   1003           00032         BCF     STATUS,C        
Message[305]: Using default destination of 1 (file).
0018   0C86           00033         RRF     PORTB   
0019   1C03           00034         BTFSS   STATUS,C        
001A   1386           00035         BCF     PORTB,7 
001B   1803           00036         BTFSC   STATUS,C        
001C   1786           00037         BSF     PORTB,7 
Message[305]: Using default destination of 1 (file).
001D   0AA2           00038         INCF    CNT     
001E   0822           00039         MOVFW   CNT     
001F   3A07           00040         XORLW   D'7'    
0020   1D03           00041         BTFSS   STATUS,Z        
0021   2816           00042         GOTO    LOOP2   
0022   2804           00043         GOTO    LOOP0   
0023                  00044 delay   ;调用延时子程序         
MPASM  5.22                       LX1_LED.ASM   8-13-2009  13:46:32         PAGE  2


LOC  OBJECT CODE     LINE SOURCE TEXT
  VALUE

0023   01A0           00045         CLRF    Tmp0    
0024   01A1           00046 delayLoopA      CLRF    Tmp1    
Message[305]: Using default destination of 1 (file).
0025   0BA1           00047 delayLoopB      DECFSZ  Tmp1    
0026   2825           00048         GOTO    delayLoopB      
Message[305]: Using default destination of 1 (file).
0027   0BA0           00049         DECFSZ  Tmp0    
0028   2824           00050         GOTO    delayLoopA      
0029   0008           00051         RETURN          
                      00052         END             
MPASM  5.22                       LX1_LED.ASM   8-13-2009  13:46:32         PAGE  3


SYMBOL TABLE
  LABEL                             VALUE 

ADEN                              00000003
BRGH                              00000002
C                                 00000000
C1INV                             00000004
C1OUT                             00000006
C2INV                             00000005
C2OUT                             00000007
CCP1CON                           00000017
CCP1IE                            00000002
CCP1IF                            00000002
CCP1M0                            00000000
CCP1M1                            00000001
CCP1M2                            00000002
CCP1M3                            00000003
CCP1X                             00000005
CCP1Y                             00000004
CCPR1H                            00000016
CCPR1L                            00000015
CIS                               00000003
CM0                               00000000
CM1                               00000001
CM2                               00000002
CMCON                             0000001F
CMIE                              00000006
CMIF                              00000006
CNT                               00000022
CREN                              00000004
CSRC                              00000007
DC                                00000001
EEADR                             0000009B
EECON1                            0000009C
EECON2                            0000009D
EEDATA                            0000009A
EEIE                              00000007
EEIF                              00000007
F                                 00000001
FERR                              00000002
FSR                               00000004
GIE                               00000007
INDF                              00000000
INTCON                            0000000B
INTE                              00000004
INTEDG                            00000006
INTF                              00000001
IRP                               00000007
LOOP0                             00000004
LOOP1                             00000007
LOOP2                             00000016
NOT_BO                            00000000
NOT_BOD                           00000000
NOT_BOR                           00000000
NOT_PD                            00000003
NOT_POR                           00000001
MPASM  5.22                       LX1_LED.ASM   8-13-2009  13:46:32         PAGE  4


SYMBOL TABLE
  LABEL                             VALUE 

NOT_RBPU                          00000007
NOT_T1SYNC                        00000002
NOT_TO                            00000004
OERR                              00000001
OPTION_REG                        00000081
OSCF                              00000003
PCL                               00000002
PCLATH                            0000000A
PCON                              0000008E
PEIE                              00000006
PIE1                              0000008C
PIR1                              0000000C
PORTA                             00000005
PORTB                             00000006
PR2                               00000092
PS0                               00000000
PS1                               00000001
PS2                               00000002
PSA                               00000003
RBIE                              00000003
RBIF                              00000000
RCIE                              00000005
RCIF                              00000005
RCREG                             0000001A
RCSTA                             00000018
RD                                00000000
RP0                               00000005
RP1                               00000006
RX9                               00000006
RX9D                              00000000
SPBRG                             00000099
SPEN                              00000007
SREN                              00000005
STATUS                            00000003
SYNC                              00000004
T0CS                              00000005
T0IE                              00000005
T0IF                              00000002
T0SE                              00000004
T1CKPS0                           00000004
T1CKPS1                           00000005
T1CON                             00000010
T1OSCEN                           00000003
T2CKPS0                           00000000
T2CKPS1                           00000001
T2CON                             00000012
TMR0                              00000001
TMR1CS                            00000001
TMR1H                             0000000F
TMR1IE                            00000000
TMR1IF                            00000000
TMR1L                             0000000E
TMR1ON                            00000000
MPASM  5.22                       LX1_LED.ASM   8-13-2009  13:46:32         PAGE  5


SYMBOL TABLE
  LABEL                             VALUE 

TMR2                              00000011
TMR2IE                            00000001
TMR2IF                            00000001
TMR2ON                            00000002
TOUTPS0                           00000003
TOUTPS1                           00000004
TOUTPS2                           00000005
TOUTPS3                           00000006
TRISA                             00000085
TRISB                             00000086
TRMT                              00000001
TX9                               00000006
TX9D                              00000000
TXEN                              00000005
TXIE                              00000004
TXIF                              00000004
TXREG                             00000019
TXSTA                             00000098
Tmp0                              00000020
Tmp1                              00000021
VR0                               00000000
VR1                               00000001
VR2                               00000002
VR3                               00000003
VRCON                             0000009F
VREN                              00000007
VROE                              00000006
VRR                               00000005
W                                 00000000
WR                                00000001
WREN                              00000002
WRERR                             00000003
Z                                 00000002
_BODEN_OFF                        00003FBF
_BODEN_ON                         00003FFF
_BOREN_OFF                        00003FBF
_BOREN_ON                         00003FFF
_CP_OFF                           00003FFF
_CP_ON                            00001FFF
_DATA_CP_OFF                      00003FFF
_DATA_CP_ON                       00003EFF
_ER_OSC_CLKOUT                    00003FFF
_ER_OSC_NOCLKOUT                  00003FFE
_EXTCLK_OSC                       00003FEF
_HS_OSC                           00003FEE
_INTOSC_OSC_CLKOUT                00003FFD
_INTOSC_OSC_NOCLKOUT              00003FFC
_INTRC_OSC_CLKOUT                 00003FFD
_INTRC_OSC_NOCLKOUT               00003FFC
_LP_OSC                           00003FEC
_LVP_OFF                          00003F7F
_LVP_ON                           00003FFF
_MCLRE_OFF                        00003FDF
MPASM  5.22                       LX1_LED.ASM   8-13-2009  13:46:32         PAGE  6


SYMBOL TABLE
  LABEL                             VALUE 

_MCLRE_ON                         00003FFF
_PWRTE_OFF                        00003FFF
_PWRTE_ON                         00003FF7
_RC_OSC_CLKOUT                    00003FFF
_RC_OSC_NOCLKOUT                  00003FFE
_WDT_OFF                          00003FFB
_WDT_ON                           00003FFF
_XT_OSC                           00003FED
__16F628A                         00000001
__DEBUG                           1
delay                             00000023
delayLoopA                        00000024
delayLoopB                        00000025


MEMORY USAGE MAP ('X' = Used,  '-' = Unused)

0000 : XXXXXXXXXXXXXXXX XXXXXXXXXXXXXXXX XXXXXXXXXX------ ----------------

All other memory blocks unused.

Program Memory Words Used:    42
Program Memory Words Free:  2006


Errors   :     0
Warnings :     0 reported,     0 suppressed
Messages :     7 reported,     0 suppressed

